[2026-04-10 16:23:05] POST https://your-wordpress-site.com/wp-json/jwt-auth/v1/token | Status: 0
Request Data: {"username":"admin","password":"********"}
cURL Error: Could not resolve host: your-wordpress-site.com
Response: 
--------------------------------------------------
[2026-04-10 16:40:52] POST http://wpcodecanyon.test/wp-json/wp/v2/users | Status: 201
Request Data: {"username":"BIZ0003","email":"BIZ0003@gmail.com","password":"********","role":"subscriber"}
Response: {"id":2,"username":"BIZ0003","name":"BIZ0003","first_name":"","last_name":"","email":"BIZ0003@gmail.com","url":"","description":"","link":"http:\/\/wpcodecanyon.test\/author\/biz0003\/","locale":"en_US","nickname":"BIZ0003","slug":"biz0003","roles":["subscriber"],"registered_date":"2026-04-10T16:40:52+00:00","capabilities":{"read":true,"level_0":true,"subscriber":true},"extra_capabilities":{"subscriber":true},"avatar_urls":{"24":"https:\/\/secure.gravatar.com\/avatar\/37e8b2b0e67982593c4bb236012f848068f8ed1326c65b0bd4c670b16a980963?s=24&d=mm&r=g","48":"https:\/\/secure.gravatar.com\/avatar\/37e8b2b0e67982593c4bb236012f848068f8ed1326c65b0bd4c670b16a980963?s=48&d=mm&r=g","96":"https:\/\/secure.gravatar.com\/avatar\/37e8b2b0e67982593c4bb236012f848068f8ed1326c65b0bd4c670b16a980963?s=96&d=mm&r=g"},"meta":{"persisted_preferences":[]},"_links":{"self":[{"href":"http:\/\/wpcodecanyon.test\/wp-json\/wp\/v2\/users\/2","targetHints":{"allow":["GET","POST","PUT","PATCH","DELETE"]}}],"collection":[{"href":"http:\/\/wpcodecanyon.test\/wp-json\/wp\/v2\/users"}]}}
--------------------------------------------------
[2026-04-10 16:44:05] POST http://wpcodecanyon.test/wp-json/jwt-auth/v1/token | Status: 404
Request Data: {"username":"BIZ0003","password":"********"}
Response: {"code":"rest_no_route","message":"No route was found matching the URL and request method.","data":{"status":404}}
--------------------------------------------------
[2026-04-10 16:48:26] POST http://wpcodecanyon.test/wp-json/jwt-auth/v1/token | Status: 404
Request Data: {"username":"BIZ0003","password":"********"}
Response: {"code":"rest_no_route","message":"No route was found matching the URL and request method.","data":{"status":404}}
--------------------------------------------------
[2026-04-10 16:54:39] POST http://wpcodecanyon.test/wp-json/jwt-auth/v1/token | Status: 404
Request Data: {"username":"admin","password":"********"}
Response: {"code":"rest_no_route","message":"No route was found matching the URL and request method.","data":{"status":404}}
--------------------------------------------------
[2026-04-10 16:56:33] POST http://wpcodecanyon.test/wp-json/wp/v2/users | Status: 201
Request Data: {"username":"BIZ0003","email":"BIZ0003@gmail.com","password":"********","role":"subscriber"}
Response: {"id":3,"username":"BIZ0003","name":"BIZ0003","first_name":"","last_name":"","email":"BIZ0003@gmail.com","url":"","description":"","link":"http:\/\/wpcodecanyon.test\/author\/biz0003\/","locale":"en_US","nickname":"BIZ0003","slug":"biz0003","roles":["subscriber"],"registered_date":"2026-04-10T16:56:33+00:00","capabilities":{"read":true,"level_0":true,"subscriber":true},"extra_capabilities":{"subscriber":true},"avatar_urls":{"24":"https:\/\/secure.gravatar.com\/avatar\/37e8b2b0e67982593c4bb236012f848068f8ed1326c65b0bd4c670b16a980963?s=24&d=mm&r=g","48":"https:\/\/secure.gravatar.com\/avatar\/37e8b2b0e67982593c4bb236012f848068f8ed1326c65b0bd4c670b16a980963?s=48&d=mm&r=g","96":"https:\/\/secure.gravatar.com\/avatar\/37e8b2b0e67982593c4bb236012f848068f8ed1326c65b0bd4c670b16a980963?s=96&d=mm&r=g"},"meta":{"persisted_preferences":[]},"_links":{"self":[{"href":"http:\/\/wpcodecanyon.test\/wp-json\/wp\/v2\/users\/3","targetHints":{"allow":["GET","POST","PUT","PATCH","DELETE"]}}],"collection":[{"href":"http:\/\/wpcodecanyon.test\/wp-json\/wp\/v2\/users"}]}}
--------------------------------------------------
[2026-04-10 16:58:17] GET http://wpcodecanyon.test/wp-json/wp/v2/users?search=BIZ0003%40gmail.com | Status: 200
Request Data: null
Response: [{"id":3,"name":"BIZ0003","url":"","description":"","link":"http:\/\/wpcodecanyon.test\/author\/biz0003\/","slug":"biz0003","avatar_urls":{"24":"https:\/\/secure.gravatar.com\/avatar\/37e8b2b0e67982593c4bb236012f848068f8ed1326c65b0bd4c670b16a980963?s=24&d=mm&r=g","48":"https:\/\/secure.gravatar.com\/avatar\/37e8b2b0e67982593c4bb236012f848068f8ed1326c65b0bd4c670b16a980963?s=48&d=mm&r=g","96":"https:\/\/secure.gravatar.com\/avatar\/37e8b2b0e67982593c4bb236012f848068f8ed1326c65b0bd4c670b16a980963?s=96&d=mm&r=g"},"meta":[],"_links":{"self":[{"href":"http:\/\/wpcodecanyon.test\/wp-json\/wp\/v2\/users\/3","targetHints":{"allow":["GET","POST","PUT","PATCH","DELETE"]}}],"collection":[{"href":"http:\/\/wpcodecanyon.test\/wp-json\/wp\/v2\/users"}]}}]
--------------------------------------------------
[2026-04-10 16:58:17] POST http://wpcodecanyon.test/wp-json/wp/v2/users/3 | Status: 200
Request Data: {"password":"********"}
Response: {"id":3,"username":"BIZ0003","name":"BIZ0003","first_name":"","last_name":"","email":"BIZ0003@gmail.com","url":"","description":"","link":"http:\/\/wpcodecanyon.test\/author\/biz0003\/","locale":"en_US","nickname":"BIZ0003","slug":"biz0003","roles":["subscriber"],"registered_date":"2026-04-10T16:56:33+00:00","capabilities":{"read":true,"level_0":true,"subscriber":true},"extra_capabilities":{"subscriber":true},"avatar_urls":{"24":"https:\/\/secure.gravatar.com\/avatar\/37e8b2b0e67982593c4bb236012f848068f8ed1326c65b0bd4c670b16a980963?s=24&d=mm&r=g","48":"https:\/\/secure.gravatar.com\/avatar\/37e8b2b0e67982593c4bb236012f848068f8ed1326c65b0bd4c670b16a980963?s=48&d=mm&r=g","96":"https:\/\/secure.gravatar.com\/avatar\/37e8b2b0e67982593c4bb236012f848068f8ed1326c65b0bd4c670b16a980963?s=96&d=mm&r=g"},"meta":{"persisted_preferences":[]},"_links":{"self":[{"href":"http:\/\/wpcodecanyon.test\/wp-json\/wp\/v2\/users\/3","targetHints":{"allow":["GET","POST","PUT","PATCH","DELETE"]}}],"collection":[{"href":"http:\/\/wpcodecanyon.test\/wp-json\/wp\/v2\/users"}]}}
--------------------------------------------------
[2026-04-10 17:00:03] POST http://wpcodecanyon.test/wp-json/jwt-auth/v1/token | Status: 404
Request Data: {"username":"BIZ0003","password":"********"}
Response: {"code":"rest_no_route","message":"No route was found matching the URL and request method.","data":{"status":404}}
--------------------------------------------------
[2026-04-10 17:02:46] GET http://wpcodecanyon.test/wp-json/wp/v2/users?search=BIZ0003%40gmail.com | Status: 200
Request Data: null
Response: [{"id":3,"name":"BIZ0003","url":"","description":"","link":"http:\/\/wpcodecanyon.test\/author\/biz0003\/","slug":"biz0003","avatar_urls":{"24":"https:\/\/secure.gravatar.com\/avatar\/37e8b2b0e67982593c4bb236012f848068f8ed1326c65b0bd4c670b16a980963?s=24&d=mm&r=g","48":"https:\/\/secure.gravatar.com\/avatar\/37e8b2b0e67982593c4bb236012f848068f8ed1326c65b0bd4c670b16a980963?s=48&d=mm&r=g","96":"https:\/\/secure.gravatar.com\/avatar\/37e8b2b0e67982593c4bb236012f848068f8ed1326c65b0bd4c670b16a980963?s=96&d=mm&r=g"},"meta":[],"_links":{"self":[{"href":"http:\/\/wpcodecanyon.test\/wp-json\/wp\/v2\/users\/3","targetHints":{"allow":["GET","POST","PUT","PATCH","DELETE"]}}],"collection":[{"href":"http:\/\/wpcodecanyon.test\/wp-json\/wp\/v2\/users"}]}}]
--------------------------------------------------
[2026-04-10 17:02:46] POST http://wpcodecanyon.test/wp-json/wp/v2/users/3 | Status: 200
Request Data: {"password":"********"}
Response: {"id":3,"username":"BIZ0003","name":"BIZ0003","first_name":"","last_name":"","email":"BIZ0003@gmail.com","url":"","description":"","link":"http:\/\/wpcodecanyon.test\/author\/biz0003\/","locale":"en_US","nickname":"BIZ0003","slug":"biz0003","roles":["subscriber"],"registered_date":"2026-04-10T16:56:33+00:00","capabilities":{"read":true,"level_0":true,"subscriber":true},"extra_capabilities":{"subscriber":true},"avatar_urls":{"24":"https:\/\/secure.gravatar.com\/avatar\/37e8b2b0e67982593c4bb236012f848068f8ed1326c65b0bd4c670b16a980963?s=24&d=mm&r=g","48":"https:\/\/secure.gravatar.com\/avatar\/37e8b2b0e67982593c4bb236012f848068f8ed1326c65b0bd4c670b16a980963?s=48&d=mm&r=g","96":"https:\/\/secure.gravatar.com\/avatar\/37e8b2b0e67982593c4bb236012f848068f8ed1326c65b0bd4c670b16a980963?s=96&d=mm&r=g"},"meta":{"persisted_preferences":[]},"_links":{"self":[{"href":"http:\/\/wpcodecanyon.test\/wp-json\/wp\/v2\/users\/3","targetHints":{"allow":["GET","POST","PUT","PATCH","DELETE"]}}],"collection":[{"href":"http:\/\/wpcodecanyon.test\/wp-json\/wp\/v2\/users"}]}}
--------------------------------------------------
[2026-04-10 17:03:32] POST http://wpcodecanyon.test/wp-json/jwt-auth/v1/token | Status: 404
Request Data: {"username":"BIZ0003","password":"********"}
Response: {"code":"rest_no_route","message":"No route was found matching the URL and request method.","data":{"status":404}}
--------------------------------------------------
[2026-04-10 17:04:17] GET http://wpcodecanyon.test/wp-json/wp/v2/users?search=BIZ0003%40gmail.com | Status: 200
Request Data: null
Response: [{"id":3,"name":"BIZ0003","url":"","description":"","link":"http:\/\/wpcodecanyon.test\/author\/biz0003\/","slug":"biz0003","avatar_urls":{"24":"https:\/\/secure.gravatar.com\/avatar\/37e8b2b0e67982593c4bb236012f848068f8ed1326c65b0bd4c670b16a980963?s=24&d=mm&r=g","48":"https:\/\/secure.gravatar.com\/avatar\/37e8b2b0e67982593c4bb236012f848068f8ed1326c65b0bd4c670b16a980963?s=48&d=mm&r=g","96":"https:\/\/secure.gravatar.com\/avatar\/37e8b2b0e67982593c4bb236012f848068f8ed1326c65b0bd4c670b16a980963?s=96&d=mm&r=g"},"meta":[],"_links":{"self":[{"href":"http:\/\/wpcodecanyon.test\/wp-json\/wp\/v2\/users\/3","targetHints":{"allow":["GET","POST","PUT","PATCH","DELETE"]}}],"collection":[{"href":"http:\/\/wpcodecanyon.test\/wp-json\/wp\/v2\/users"}]}}]
--------------------------------------------------
[2026-04-10 17:04:17] ERROR: Could not find WordPress user for email: BIZ0003@gmail.com
--------------------------------------------------
[2026-04-10 17:04:46] POST http://wpcodecanyon.test/wp-json/jwt-auth/v1/token | Status: 404
Request Data: {"username":"BIZ0003","password":"********"}
Response: {"code":"rest_no_route","message":"No route was found matching the URL and request method.","data":{"status":404}}
--------------------------------------------------
[2026-04-10 17:07:42] GET http://wpcodecanyon.test/wp-json/wp/v2/users?context=edit&search=BIZ0003%40gmail.com | Status: 200
Request Data: null
Response: [{"id":3,"username":"BIZ0003","name":"BIZ0003","first_name":"","last_name":"","email":"BIZ0003@gmail.com","url":"","description":"","link":"http:\/\/wpcodecanyon.test\/author\/biz0003\/","locale":"en_US","nickname":"BIZ0003","slug":"biz0003","roles":["subscriber"],"registered_date":"2026-04-10T16:56:33+00:00","capabilities":{"read":true,"level_0":true,"subscriber":true},"extra_capabilities":{"subscriber":true},"avatar_urls":{"24":"https:\/\/secure.gravatar.com\/avatar\/37e8b2b0e67982593c4bb236012f848068f8ed1326c65b0bd4c670b16a980963?s=24&d=mm&r=g","48":"https:\/\/secure.gravatar.com\/avatar\/37e8b2b0e67982593c4bb236012f848068f8ed1326c65b0bd4c670b16a980963?s=48&d=mm&r=g","96":"https:\/\/secure.gravatar.com\/avatar\/37e8b2b0e67982593c4bb236012f848068f8ed1326c65b0bd4c670b16a980963?s=96&d=mm&r=g"},"meta":{"persisted_preferences":[]},"_links":{"self":[{"href":"http:\/\/wpcodecanyon.test\/wp-json\/wp\/v2\/users\/3","targetHints":{"allow":["GET","POST","PUT","PATCH","DELETE"]}}],"collection":[{"href":"http:\/\/wpcodecanyon.test\/wp-json\/wp\/v2\/users"}]}}]
--------------------------------------------------
[2026-04-10 17:07:42] POST http://wpcodecanyon.test/wp-json/wp/v2/users/3 | Status: 200
Request Data: {"password":"********"}
Response: {"id":3,"username":"BIZ0003","name":"BIZ0003","first_name":"","last_name":"","email":"BIZ0003@gmail.com","url":"","description":"","link":"http:\/\/wpcodecanyon.test\/author\/biz0003\/","locale":"en_US","nickname":"BIZ0003","slug":"biz0003","roles":["subscriber"],"registered_date":"2026-04-10T16:56:33+00:00","capabilities":{"read":true,"level_0":true,"subscriber":true},"extra_capabilities":{"subscriber":true},"avatar_urls":{"24":"https:\/\/secure.gravatar.com\/avatar\/37e8b2b0e67982593c4bb236012f848068f8ed1326c65b0bd4c670b16a980963?s=24&d=mm&r=g","48":"https:\/\/secure.gravatar.com\/avatar\/37e8b2b0e67982593c4bb236012f848068f8ed1326c65b0bd4c670b16a980963?s=48&d=mm&r=g","96":"https:\/\/secure.gravatar.com\/avatar\/37e8b2b0e67982593c4bb236012f848068f8ed1326c65b0bd4c670b16a980963?s=96&d=mm&r=g"},"meta":{"persisted_preferences":[]},"_links":{"self":[{"href":"http:\/\/wpcodecanyon.test\/wp-json\/wp\/v2\/users\/3","targetHints":{"allow":["GET","POST","PUT","PATCH","DELETE"]}}],"collection":[{"href":"http:\/\/wpcodecanyon.test\/wp-json\/wp\/v2\/users"}]}}
--------------------------------------------------
[2026-04-10 17:08:22] POST http://wpcodecanyon.test/wp-json/jwt-auth/v1/token | Status: 404
Request Data: {"username":"BIZ0003","password":"********"}
Response: {"code":"rest_no_route","message":"No route was found matching the URL and request method.","data":{"status":404}}
--------------------------------------------------
[2026-04-10 17:17:10] POST http://wpcodecanyon.test/wp-json/wp/v2/users | Status: 201
Request Data: {"username":"BIZ0004","email":"BIZ0004@gmail.com","password":"********","role":"subscriber"}
Response: {"id":4,"username":"BIZ0004","name":"BIZ0004","first_name":"","last_name":"","email":"BIZ0004@gmail.com","url":"","description":"","link":"http:\/\/wpcodecanyon.test\/author\/biz0004\/","locale":"en_US","nickname":"BIZ0004","slug":"biz0004","roles":["subscriber"],"registered_date":"2026-04-10T17:17:10+00:00","capabilities":{"read":true,"level_0":true,"subscriber":true},"extra_capabilities":{"subscriber":true},"avatar_urls":{"24":"https:\/\/secure.gravatar.com\/avatar\/f6732928612dff15bfba5d0aa6318f9ac77e7c3e59e186f61177c9d5accb8b53?s=24&d=mm&r=g","48":"https:\/\/secure.gravatar.com\/avatar\/f6732928612dff15bfba5d0aa6318f9ac77e7c3e59e186f61177c9d5accb8b53?s=48&d=mm&r=g","96":"https:\/\/secure.gravatar.com\/avatar\/f6732928612dff15bfba5d0aa6318f9ac77e7c3e59e186f61177c9d5accb8b53?s=96&d=mm&r=g"},"meta":{"persisted_preferences":[]},"_links":{"self":[{"href":"http:\/\/wpcodecanyon.test\/wp-json\/wp\/v2\/users\/4","targetHints":{"allow":["GET","POST","PUT","PATCH","DELETE"]}}],"collection":[{"href":"http:\/\/wpcodecanyon.test\/wp-json\/wp\/v2\/users"}]}}
--------------------------------------------------
[2026-04-10 17:17:55] POST http://wpcodecanyon.com.pk/wp-json/jwt-auth/v1/token | Status: 0
Request Data: {"username":"BIZ0004","password":"********"}
cURL Error: Could not resolve host: wpcodecanyon.com.pk
Response: 
--------------------------------------------------
